Build started 2015/9/27 11:33:42.
     1>Project "D:\Documents\GitHub\OpenGLStudy\Math\Vector\Vector\Vector.vcxproj" on node 2 (Build target(s)).
     1>ClCompile:
         E:\Program Files (x86)\Microsoft Visual Studio 12.0\VC\bin\CL.exe /c /ZI /nologo /W3 /WX- /sdl /Od /Oy- /D _MBCS /Gm /EHsc /RTC1 /MDd /GS /fp:precise /Zc:wchar_t /Zc:forScope /Fo"Debug\\" /Fd"Debug\vc120.pdb" /Gd /TP /analyze- /errorReport:prompt Vector2.cpp main.cpp
         Vector2.cpp
     1>d:\documents\github\openglstudy\math\vector\vector\vector2.cpp(65): warning C4244: 'initializing' : conversion from 'double' to 'float', possible loss of data
     1>d:\documents\github\openglstudy\math\vector\vector\vector2.cpp(66): warning C4244: '=' : conversion from 'double' to 'float', possible loss of data
     1>d:\documents\github\openglstudy\math\vector\vector\vector2.cpp(72): warning C4244: '=' : conversion from 'double' to 'float', possible loss of data
     1>d:\documents\github\openglstudy\math\vector\vector\vector2.cpp(73): warning C4244: '=' : conversion from 'double' to 'float', possible loss of data
         Generating Code...
         Skipping... (no relevant changes detected)
         main.cpp
       Link:
         E:\Program Files (x86)\Microsoft Visual Studio 12.0\VC\bin\link.exe /ERRORREPORT:PROMPT /OUT:"D:\Documents\GitHub\OpenGLStudy\Math\Vector\Debug\Vector.exe" /INCREMENTAL /NOLOGO kernel32.lib user32.lib gdi32.lib winspool.lib comdlg32.lib advapi32.lib shell32.lib ole32.lib oleaut32.lib uuid.lib odbc32.lib odbccp32.lib /MANIFEST /MANIFESTUAC:"level='asInvoker' uiAccess='false'" /manifest:embed /DEBUG /PDB:"D:\Documents\GitHub\OpenGLStudy\Math\Vector\Debug\Vector.pdb" /TLBID:1 /DYNAMICBASE /NXCOMPAT /IMPLIB:"D:\Documents\GitHub\OpenGLStudy\Math\Vector\Debug\Vector.lib" /MACHINE:X86 Debug\main.obj
         Debug\Matrix2x2.obj
         Debug\Matrix3x3.obj
         Debug\Matrix4x4.obj
         Debug\Vector2.obj
         Debug\Vector3.obj
         Vector.vcxproj -> D:\Documents\GitHub\OpenGLStudy\Math\Vector\Debug\Vector.exe
     1>Done Building Project "D:\Documents\GitHub\OpenGLStudy\Math\Vector\Vector\Vector.vcxproj" (Build target(s)).

Build succeeded.

Time Elapsed 00:00:02.99
